<?xml version="1.0" encoding="UTF-8"?>
<testsuite xmlns:xsi="http://www.w3.org/2001/XMLSchema-instance" xsi:noNamespaceSchemaLocation="https://maven.apache.org/surefire/maven-surefire-plugin/xsd/surefire-test-report-3.0.xsd" version="3.0" name="TestSuite" time="25.042" tests="2" errors="0" skipped="0" failures="0">
  <properties>
[...]
</properties>
  <testcase name="test_account_Registration" classname="testCases.TC_001_AccountRegistrationTest" time="4.394">
    <system-err><![CDATA[SLF4J: Failed to load class "org.slf4j.impl.StaticLoggerBinder".
SLF4J: Defaulting to no-operation (NOP) logger implementation
SLF4J: See http://www.slf4j.org/codes.html#StaticLoggerBinder for further details.
1672598580506	geckodriver	INFO	Listening on 127.0.0.1:18183
1672598581830	mozrunner::runner	INFO	Running command: "C:\\Program Files\\Mozilla Firefox\\firefox.exe" "--marionette" "--remote-debugging-port" "3425" "--remote-allow-hosts" "localhost" "--remote-allow-origins" "http://127.0.0.1:3425/,http://localhost:3425/,http://[::1]:3425/" "-no-remote" "-profile" "C:\\Users\\amber\\AppData\\Local\\Temp\\rust_mozprofilep6OnzG"
1672598582407	Marionette	INFO	Marionette enabled
1672598582416	Marionette	INFO	Listening on port 53693
Read port: 53693
WebDriver BiDi listening on ws://127.0.0.1:3425
1672598582562	RemoteAgent	WARN	TLS certificate errors will be ignored for this session
console.warn: SearchSettings: "get: No settings file exists, new profile?" (new NotFoundError("Could not open the file at C:\\Users\\amber\\AppData\\Local\\Temp\\rust_mozprofilep6OnzG\\search.json.mozlz4", (void 0)))
DevTools listening on ws://127.0.0.1:3425/devtools/browser/1d3b1023-10ab-44a0-a72d-926ce79f6338
console.warn: LoginRecipes: "Falling back to a synchronous message for: http://localhost."
console.warn: LoginRecipes: "Falling back to a synchronous message for: http://localhost."
]]></system-err>
  </testcase>
  <testcase name="test_Login" classname="testCases.TC_002_LoginTest" time="1.616">
    <system-err><![CDATA[1672598591218	Marionette	INFO	Stopped listening on port 53693
JavaScript error: resource://services-settings/Utils.jsm, line 240: TypeError: NetworkError: Network request failed
1672598592810	geckodriver	INFO	Listening on 127.0.0.1:26183
1672598593231	mozrunner::runner	INFO	Running command: "C:\\Program Files\\Mozilla Firefox\\firefox.exe" "--marionette" "--remote-debugging-port" "9440" "--remote-allow-hosts" "localhost" "--remote-allow-origins" "http://127.0.0.1:9440/,http://localhost:9440/,http://[::1]:9440/" "-no-remote" "-profile" "C:\\Users\\amber\\AppData\\Local\\Temp\\rust_mozprofilek4qBS5"
1672598593818	Marionette	INFO	Marionette enabled
1672598593825	Marionette	INFO	Listening on port 53753
Read port: 53753
WebDriver BiDi listening on ws://127.0.0.1:9440
1672598594072	RemoteAgent	WARN	TLS certificate errors will be ignored for this session
console.warn: SearchSettings: "get: No settings file exists, new profile?" (new NotFoundError("Could not open the file at C:\\Users\\amber\\AppData\\Local\\Temp\\rust_mozprofilek4qBS5\\search.json.mozlz4", (void 0)))
DevTools listening on ws://127.0.0.1:9440/devtools/browser/026c4f4d-1c1f-4e91-acdd-a62a6dbfd67c
console.warn: LoginRecipes: "Falling back to a synchronous message for: http://localhost."
console.warn: LoginRecipes: "Falling back to a synchronous message for: http://localhost."
]]></system-err>
  </testcase>
</testsuite>