<?xml version="1.0" encoding="UTF-8"?>
<!-- Generated by org.testng.reporters.JUnitXMLReporter -->
<testsuite ignored="0" hostname="DESKTOP-V1IICJG" failures="0" tests="5" name="OpencartTest" time="66.029" errors="0" timestamp="2023-01-14T12:52:44 EST">
  <testcase classname="testCases.TC_003_LoginDDT" name="test_LoginDDT" time="11.361"/>
  <testcase classname="testCases.TC_003_LoginDDT" name="test_LoginDDT" time="11.141"/>
  <testcase classname="testCases.TC_003_LoginDDT" name="test_LoginDDT" time="11.02"/>
  <testcase classname="testCases.TC_003_LoginDDT" name="test_LoginDDT" time="11.026"/>
  <testcase classname="testCases.TC_003_LoginDDT" name="test_LoginDDT" time="11.054"/>
</testsuite> <!-- OpencartTest -->
